#
# A fatal error has been detected by the Java Runtime Environment:
#
#  EXCEPTION_ACCESS_VIOLATION (0xc0000005) at pc=0x000000005c6343b5, pid=10092, tid=10972
#
# JRE version: Java(TM) SE Runtime Environment (7.0_51-b13) (build 1.7.0_51-b13)
# Java VM: Java HotSpot(TM) 64-Bit Server VM (24.51-b03 mixed mode windows-amd64 compressed oops)
# Problematic frame:
# V  [jvm.dll+0x943b5]
#
# Failed to write core dump. Minidumps are not enabled by default on client versions of Windows
#
# If you would like to submit a bug report, please visit:
#   http://bugreport.sun.com/bugreport/crash.jsp
#

---------------  T H R E A D  ---------------

Current thread (0x000000000d709800):  JavaThread "qtp52166376-26" [_thread_in_vm, id=10972, stack(0x0000000010010000,0x0000000010110000)]

siginfo: ExceptionCode=0xc0000005, reading address 0x0000000680000000

Registers:
RAX=0x000000077ffff6a1, RBX=0x0000000000000001, RCX=0x000000001010c430, RDX=0xffffffff0000095f
RSP=0x000000001010c408, RBP=0x000000001010c440, RSI=0x0000000000002560, RDI=0x0000000000000254
R8 =0x000000007ffff6a1, R9 =0x000000000d731500, R10=0x0000000000000000, R11=0x0000000000000246
R12=0x000000000d731510, R13=0x0000000000000062, R14=0x00000007801ba7b8, R15=0x000000000d7318e8
RIP=0x000000005c6343b5, EFLAGS=0x0000000000010296

Top of Stack: (sp=0x000000001010c408)
0x000000001010c408:   000000005c6a9b54 00000000000003d8
0x000000001010c418:   0000000000002550 00000007801ba840
0x000000001010c428:   000000001010c440 000000077ffff6a1
0x000000001010c438:   00000000000000aa 000000000d731510
0x000000001010c448:   000000001010c4f0 000000000d731500
0x000000001010c458:   000000000d731510 000000000dda2320
0x000000001010c468:   00000000000003d8 00000007801ba7b8
0x000000001010c478:   000000005c6a934c 00000007801ba7b8
0x000000001010c488:   000000001e000000 000000001010c4f0
0x000000001010c498:   00000000d3020000 000000000000a648
0x000000001010c4a8:   0000000000000003 0000000000000002
0x000000001010c4b8:   000000000d731500 000000000000a708
0x000000001010c4c8:   000000005c6a95a3 00000000000003d8
0x000000001010c4d8:   00000007801ba7b8 000000000dda2320
0x000000001010c4e8:   0000000000000148 000000000d731928
0x000000001010c4f8:   00000ae800000001 000000aa00001799 

Instructions: (pc=0x000000005c6343b5)
0x000000005c634395:   cc cc cc cc cc cc cc cc cc cc cc 4c 63 01 41 8d
0x000000005c6343a5:   44 90 10 48 63 d0 48 8b 01 48 83 e2 fc 49 2b d0
0x000000005c6343b5:   8b 0c 02 0f b6 c1 89 4c 24 10 0f b6 4c 24 11 c1
0x000000005c6343c5:   e0 08 0b c1 0f b6 4c 24 12 c1 e0 08 0b c1 0f b6 


Register to memory mapping:

RAX=0x000000077ffff6a1 is pointing into object: 0x000000077ffff660
{constMethod} 
 - klass: {other class}
 - constants:       0x000000077ffdd188 constant pool [3789] for 'org/eclipse/jdt/internal/compiler/parser/Parser' cache=0x00000007800a88a8
bci_from(000000077FFFF6A1) = 1; print_codes():
RBX=0x0000000000000001 is an unknown value
RCX=0x000000001010c430 is pointing into the stack for thread: 0x000000000d709800
RDX=0xffffffff0000095f is an unknown value
RSP=0x000000001010c408 is pointing into the stack for thread: 0x000000000d709800
RBP=0x000000001010c440 is pointing into the stack for thread: 0x000000000d709800
RSI=0x0000000000002560 is an unknown value
RDI=0x0000000000000254 is an unknown value
R8 =0x000000007ffff6a1 is an unknown value
R9 =0x000000000d731500 is an unknown value
R10=0x0000000000000000 is an unknown value
R11=0x0000000000000246 is an unknown value
R12=0x000000000d731510 is an unknown value
R13=0x0000000000000062 is an unknown value
R14=